20:12:18 **** Rebuild of configuration Debug for project TP_[2] ****
Info: Internal Builder is used for build
gcc -O0 -g3 -Wall -c -fmessage-length=0 -o "src\\ArrayPassenger.o" "..\\src\\ArrayPassenger.c" 
..\src\ArrayPassenger.c: In function 'addPassenger':
..\src\ArrayPassenger.c:134:6: warning: left-hand operand of comma expression has no effect [-Wunused-value]
 (list, len);
      ^
..\src\ArrayPassenger.c:134:1: warning: statement with no effect [-Wunused-value]
 (list, len);
 ^
gcc -O0 -g3 -Wall -c -fmessage-length=0 -o "src\\Bibloteca1.0.o" "..\\src\\Bibloteca1.0.c" 
gcc -O0 -g3 -Wall -c -fmessage-length=0 -o "src\\TP_[2].o" "..\\src\\TP_[2].c" 
gcc -O0 -g3 -Wall -c -fmessage-length=0 -o "src\\FuncionesMenu.o" "..\\src\\FuncionesMenu.c" 
gcc -o TP_[2].exe "src\\ArrayPassenger.o" "src\\Bibloteca1.0.o" "src\\FuncionesMenu.o" "src\\TP_[2].o" 
20:12:47 **** Incremental Build of configuration Debug for project TP_[2] ****
Info: Internal Builder is used for build
gcc -O0 -g3 -Wall -c -fmessage-length=0 -o "src\\ArrayPassenger.o" "..\\src\\ArrayPassenger.c" 
gcc -o TP_[2].exe "src\\ArrayPassenger.o" "src\\Bibloteca1.0.o" "src\\FuncionesMenu.o" "src\\TP_[2].o" 
20:17:40 **** Incremental Build of configuration Debug for project TP_[2] ****
Info: Internal Builder is used for build
gcc -O0 -g3 -Wall -c -fmessage-length=0 -o "src\\ArrayPassenger.o" "..\\src\\ArrayPassenger.c" 
gcc -o TP_[2].exe "src\\ArrayPassenger.o" "src\\Bibloteca1.0.o" "src\\FuncionesMenu.o" "src\\TP_[2].o" 
20:17:57 **** Incremental Build of configuration Debug for project TP_[2] ****
Info: Internal Builder is used for build
gcc -O0 -g3 -Wall -c -fmessage-length=0 -o "src\\ArrayPassenger.o" "..\\src\\ArrayPassenger.c" 
gcc -o TP_[2].exe "src\\ArrayPassenger.o" "src\\Bibloteca1.0.o" "src\\FuncionesMenu.o" "src\\TP_[2].o" 
20:18:29 **** Incremental Build of configuration Debug for project TP_[2] ****
Info: Internal Builder is used for build
gcc -O0 -g3 -Wall -c -fmessage-length=0 -o "src\\ArrayPassenger.o" "..\\src\\ArrayPassenger.c" 
gcc -o TP_[2].exe "src\\ArrayPassenger.o" "src\\Bibloteca1.0.o" "src\\FuncionesMenu.o" "src\\TP_[2].o" 
20:18:48 **** Incremental Build of configuration Debug for project TP_[2] ****
Info: Internal Builder is used for build
gcc -O0 -g3 -Wall -c -fmessage-length=0 -o "src\\ArrayPassenger.o" "..\\src\\ArrayPassenger.c" 
gcc -o TP_[2].exe "src\\ArrayPassenger.o" "src\\Bibloteca1.0.o" "src\\FuncionesMenu.o" "src\\TP_[2].o" 
20:19:15 **** Incremental Build of configuration Debug for project TP_[2] ****
Info: Internal Builder is used for build
gcc -O0 -g3 -Wall -c -fmessage-length=0 -o "src\\ArrayPassenger.o" "..\\src\\ArrayPassenger.c" 
gcc -o TP_[2].exe "src\\ArrayPassenger.o" "src\\Bibloteca1.0.o" "src\\FuncionesMenu.o" "src\\TP_[2].o" 
20:19:37 **** Incremental Build of configuration Debug for project TP_[2] ****
Info: Internal Builder is used for build
gcc -O0 -g3 -Wall -c -fmessage-length=0 -o "src\\ArrayPassenger.o" "..\\src\\ArrayPassenger.c" 
gcc -o TP_[2].exe "src\\ArrayPassenger.o" "src\\Bibloteca1.0.o" "src\\FuncionesMenu.o" "src\\TP_[2].o" 
20:19:51 **** Incremental Build of configuration Debug for project TP_[2] ****
Info: Internal Builder is used for build
gcc -O0 -g3 -Wall -c -fmessage-length=0 -o "src\\ArrayPassenger.o" "..\\src\\ArrayPassenger.c" 
gcc -o TP_[2].exe "src\\ArrayPassenger.o" "src\\Bibloteca1.0.o" "src\\FuncionesMenu.o" "src\\TP_[2].o" 
20:19:59 **** Incremental Build of configuration Debug for project TP_[2] ****
Info: Internal Builder is used for build
gcc -O0 -g3 -Wall -c -fmessage-length=0 -o "src\\ArrayPassenger.o" "..\\src\\ArrayPassenger.c" 
gcc -o TP_[2].exe "src\\ArrayPassenger.o" "src\\Bibloteca1.0.o" "src\\FuncionesMenu.o" "src\\TP_[2].o" 
20:20:26 **** Incremental Build of configuration Debug for project TP_[2] ****
Info: Internal Builder is used for build
gcc -O0 -g3 -Wall -c -fmessage-length=0 -o "src\\ArrayPassenger.o" "..\\src\\ArrayPassenger.c" 
gcc -o TP_[2].exe "src\\ArrayPassenger.o" "src\\Bibloteca1.0.o" "src\\FuncionesMenu.o" "src\\TP_[2].o" 
20:20:37 **** Incremental Build of configuration Debug for project TP_[2] ****
Info: Internal Builder is used for build
gcc -O0 -g3 -Wall -c -fmessage-length=0 -o "src\\ArrayPassenger.o" "..\\src\\ArrayPassenger.c" 
gcc -o TP_[2].exe "src\\ArrayPassenger.o" "src\\Bibloteca1.0.o" "src\\FuncionesMenu.o" "src\\TP_[2].o" 
20:20:53 **** Incremental Build of configuration Debug for project TP_[2] ****
Info: Internal Builder is used for build
gcc -O0 -g3 -Wall -c -fmessage-length=0 -o "src\\ArrayPassenger.o" "..\\src\\ArrayPassenger.c" 
gcc -o TP_[2].exe "src\\ArrayPassenger.o" "src\\Bibloteca1.0.o" "src\\FuncionesMenu.o" "src\\TP_[2].o" 
20:21:03 **** Incremental Build of configuration Debug for project TP_[2] ****
Info: Internal Builder is used for build
gcc -O0 -g3 -Wall -c -fmessage-length=0 -o "src\\ArrayPassenger.o" "..\\src\\ArrayPassenger.c" 
gcc -o TP_[2].exe "src\\ArrayPassenger.o" "src\\Bibloteca1.0.o" "src\\FuncionesMenu.o" "src\\TP_[2].o" 
20:21:13 **** Incremental Build of configuration Debug for project TP_[2] ****
Info: Internal Builder is used for build
gcc -O0 -g3 -Wall -c -fmessage-length=0 -o "src\\ArrayPassenger.o" "..\\src\\ArrayPassenger.c" 
gcc -o TP_[2].exe "src\\ArrayPassenger.o" "src\\Bibloteca1.0.o" "src\\FuncionesMenu.o" "src\\TP_[2].o" 
20:27:54 **** Incremental Build of configuration Debug for project TP_[2] ****
Info: Internal Builder is used for build
gcc -O0 -g3 -Wall -c -fmessage-length=0 -o "src\\TP_[2].o" "..\\src\\TP_[2].c" 
gcc -O0 -g3 -Wall -c -fmessage-length=0 -o "src\\ArrayPassenger.o" "..\\src\\ArrayPassenger.c" 
gcc -o TP_[2].exe "src\\ArrayPassenger.o" "src\\Bibloteca1.0.o" "src\\FuncionesMenu.o" "src\\TP_[2].o" 
20:29:58 **** Incremental Build of configuration Debug for project TP_[2] ****
Info: Internal Builder is used for build
gcc -O0 -g3 -Wall -c -fmessage-length=0 -o "src\\TP_[2].o" "..\\src\\TP_[2].c" 
gcc -O0 -g3 -Wall -c -fmessage-length=0 -o "src\\ArrayPassenger.o" "..\\src\\ArrayPassenger.c" 
gcc -o TP_[2].exe "src\\ArrayPassenger.o" "src\\Bibloteca1.0.o" "src\\FuncionesMenu.o" "src\\TP_[2].o" 
Info: Nothing to build for TP_[2]
20:31:33 **** Incremental Build of configuration Debug for project TP_[2] ****
Info: Internal Builder is used for build
gcc -O0 -g3 -Wall -c -fmessage-length=0 -o "src\\ArrayPassenger.o" "..\\src\\ArrayPassenger.c" 
gcc -O0 -g3 -Wall -c -fmessage-length=0 -o "src\\TP_[2].o" "..\\src\\TP_[2].c" 
gcc -o TP_[2].exe "src\\ArrayPassenger.o" "src\\Bibloteca1.0.o" "src\\FuncionesMenu.o" "src\\TP_[2].o" 
